<?xml version="1.0" encoding="UTF-8"?>
<testsuite xmlns:xsi="http://www.w3.org/2001/XMLSchema-instance" xsi:noNamespaceSchemaLocation="https://maven.apache.org/surefire/maven-surefire-plugin/xsd/surefire-test-report-3.0.xsd" version="3.0" name="com.station.spaceship.controller.SpaceshipIntegrationTest" time="51.555" tests="1" errors="0" skipped="0" failures="0">
  <properties>
[...]
</properties>
  <testcase name="testRegisterShipHitsRealDatabase" classname="com.station.spaceship.controller.SpaceshipIntegrationTest" time="4.766">
    <system-out><![CDATA[02:20:42.511 [main] INFO org.springframework.test.context.support.AnnotationConfigContextLoaderUtils -- Could not detect default configuration classes for test class [com.station.spaceship.controller.SpaceshipIntegrationTest]: SpaceshipIntegrationTest does not declare any static, non-private, non-final, nested classes annotated with @Configuration.
02:20:43.640 [main] INFO org.springframework.boot.test.context.SpringBootTestContextBootstrapper -- Found @SpringBootConfiguration com.station.spaceship.SpaceshipApplication for test class com.station.spaceship.controller.SpaceshipIntegrationTest
02:20:44.667 [main] INFO org.testcontainers.images.PullPolicy -- Image pull policy will be performed by: DefaultPullPolicy()
02:20:44.698 [main] INFO org.testcontainers.utility.ImageNameSubstitutor -- Image name substitution will be performed by: DefaultImageNameSubstitutor (composite of 'ConfigurationFileImageNameSubstitutor' and 'PrefixingImageNameSubstitutor')
02:20:44.789 [main] INFO org.testcontainers.DockerClientFactory -- Testcontainers version: 1.21.4
02:20:45.889 [main] INFO org.testcontainers.dockerclient.DockerClientProviderStrategy -- Loaded org.testcontainers.dockerclient.UnixSocketClientProviderStrategy from ~/.testcontainers.properties, will try it first
02:20:49.289 [main] INFO org.testcontainers.dockerclient.DockerClientProviderStrategy -- Found Docker environment with local Unix socket (unix:///var/run/docker.sock)
02:20:49.295 [main] INFO org.testcontainers.DockerClientFactory -- Docker host IP address is localhost
02:20:49.380 [main] INFO org.testcontainers.DockerClientFactory -- Connected to docker: 
  Server Version: 29.3.1
  API Version: 1.54
  Operating System: Ubuntu Core 24
  Total Memory: 7784 MB
02:20:49.495 [main] INFO tc.testcontainers/ryuk:0.12.0 -- Creating container for image: testcontainers/ryuk:0.12.0
02:20:49.530 [main] INFO org.testcontainers.utility.RegistryAuthLocator -- Failure when attempting to lookup auth config. Please ignore if you don't have images in an authenticated registry. Details: (dockerImageName: testcontainers/ryuk:0.12.0, configFile: /home/guru_prasath/.docker/config.json, configEnv: DOCKER_AUTH_CONFIG). Falling back to docker-java default behaviour. Exception message: Status 404: No config supplied. Checked in order: /home/guru_prasath/.docker/config.json (file not found), DOCKER_AUTH_CONFIG (not set)
02:20:50.275 [main] INFO tc.testcontainers/ryuk:0.12.0 -- Container testcontainers/ryuk:0.12.0 is starting: 9d95b3458955af5e68ea8a587d98a92256bec35456765081cb19dbdbb922a648
02:20:52.380 [main] INFO tc.testcontainers/ryuk:0.12.0 -- Container testcontainers/ryuk:0.12.0 started in PT2.885042358S
02:20:52.397 [main] INFO org.testcontainers.utility.RyukResourceReaper -- Ryuk started - will monitor and terminate Testcontainers containers on JVM exit
02:20:52.398 [main] INFO org.testcontainers.DockerClientFactory -- Checking the system...
02:20:52.402 [main] INFO org.testcontainers.DockerClientFactory -- ✔︎ Docker server version should be at least 1.6.0
02:20:52.403 [main] INFO tc.postgres:16-alpine -- Creating container for image: postgres:16-alpine
02:20:52.480 [main] INFO tc.postgres:16-alpine -- Container postgres:16-alpine is starting: 096ed7e7f78234169bc9c24f6c0ea117402f382f6a536cf57e738cd4b6fb8a08
02:20:56.648 [main] INFO tc.postgres:16-alpine -- Container postgres:16-alpine started in PT4.244926386S
02:20:56.649 [main] INFO tc.postgres:16-alpine -- Container is started (JDBC URL: jdbc:postgresql://localhost:32773/test?loggerLevel=OFF)

  .   ____          _            __ _ _
 /\\ / ___'_ __ _ _(_)_ __  __ _ \ \ \ \
( ( )\___ | '_ | '_| | '_ \/ _` | \ \ \ \
 \\/  ___)| |_)| | | | | || (_| |  ) ) ) )
  '  |____| .__|_| |_|_| |_\__, | / / / /
 =========|_|==============|___/=/_/_/_/
 :: Spring Boot ::                (v3.2.0)

2026-07-16T02:20:58.520Z  INFO 62918 --- [spaceship-station] [           main] c.s.s.c.SpaceshipIntegrationTest         : Starting SpaceshipIntegrationTest using Java 17.0.19 with PID 62918 (started by guru_prasath in /mnt/d/Projects/spaceship-station)
2026-07-16T02:20:58.525Z  INFO 62918 --- [spaceship-station] [           main] c.s.s.c.SpaceshipIntegrationTest         : No active profile set, falling back to 1 default profile: "default"
2026-07-16T02:21:02.660Z  INFO 62918 --- [spaceship-station] [           main] .s.d.r.c.RepositoryConfigurationDelegate : Multiple Spring Data modules found, entering strict repository configuration mode
2026-07-16T02:21:02.683Z  INFO 62918 --- [spaceship-station] [           main] .s.d.r.c.RepositoryConfigurationDelegate : Bootstrapping Spring Data JPA repositories in DEFAULT mode.
2026-07-16T02:21:04.109Z  INFO 62918 --- [spaceship-station] [           main] .s.d.r.c.RepositoryConfigurationDelegate : Finished Spring Data repository scanning in 1359 ms. Found 2 JPA repository interfaces.
2026-07-16T02:21:04.220Z  INFO 62918 --- [spaceship-station] [           main] .s.d.r.c.RepositoryConfigurationDelegate : Multiple Spring Data modules found, entering strict repository configuration mode
2026-07-16T02:21:04.226Z  INFO 62918 --- [spaceship-station] [           main] .s.d.r.c.RepositoryConfigurationDelegate : Bootstrapping Spring Data Redis repositories in DEFAULT mode.
2026-07-16T02:21:04.371Z  INFO 62918 --- [spaceship-station] [           main] .RepositoryConfigurationExtensionSupport : Spring Data Redis - Could not safely identify store assignment for repository candidate interface com.station.spaceship.repository.RepairTicketRepository; If you want this repository to be a Redis repository, consider annotating your entities with one of these annotations: org.springframework.data.redis.core.RedisHash (preferred), or consider extending one of the following types with your repository: org.springframework.data.keyvalue.repository.KeyValueRepository
2026-07-16T02:21:04.371Z  INFO 62918 --- [spaceship-station] [           main] .RepositoryConfigurationExtensionSupport : Spring Data Redis - Could not safely identify store assignment for repository candidate interface com.station.spaceship.repository.SpaceshipRepository; If you want this repository to be a Redis repository, consider annotating your entities with one of these annotations: org.springframework.data.redis.core.RedisHash (preferred), or consider extending one of the following types with your repository: org.springframework.data.keyvalue.repository.KeyValueRepository
2026-07-16T02:21:04.372Z  INFO 62918 --- [spaceship-station] [           main] .s.d.r.c.RepositoryConfigurationDelegate : Finished Spring Data repository scanning in 90 ms. Found 0 Redis repository interfaces.
2026-07-16T02:21:08.097Z  INFO 62918 --- [spaceship-station] [           main] o.s.b.w.embedded.tomcat.TomcatWebServer  : Tomcat initialized with port 0 (http)
2026-07-16T02:21:08.151Z  INFO 62918 --- [spaceship-station] [           main] o.apache.catalina.core.StandardService   : Starting service [Tomcat]
2026-07-16T02:21:08.152Z  INFO 62918 --- [spaceship-station] [           main] o.apache.catalina.core.StandardEngine    : Starting Servlet engine: [Apache Tomcat/10.1.16]
2026-07-16T02:21:08.449Z  INFO 62918 --- [spaceship-station] [           main] o.a.c.c.C.[Tomcat].[localhost].[/]       : Initializing Spring embedded WebApplicationContext
2026-07-16T02:21:08.452Z  INFO 62918 --- [spaceship-station] [           main] w.s.c.ServletWebServerApplicationContext : Root WebApplicationContext: initialization completed in 9796 ms
2026-07-16T02:21:11.630Z  INFO 62918 --- [spaceship-station] [           main] o.hibernate.jpa.internal.util.LogHelper  : HHH000204: Processing PersistenceUnitInfo [name: default]
2026-07-16T02:21:12.343Z  INFO 62918 --- [spaceship-station] [           main] org.hibernate.Version                    : HHH000412: Hibernate ORM core version 6.3.1.Final
2026-07-16T02:21:12.732Z  INFO 62918 --- [spaceship-station] [           main] o.h.c.internal.RegionFactoryInitiator    : HHH000026: Second-level cache disabled
2026-07-16T02:21:15.187Z  INFO 62918 --- [spaceship-station] [           main] o.s.o.j.p.SpringPersistenceUnitInfo      : No LoadTimeWeaver setup: ignoring JPA class transformer
2026-07-16T02:21:15.446Z  INFO 62918 --- [spaceship-station] [           main] com.zaxxer.hikari.HikariDataSource       : HikariPool-1 - Starting...
2026-07-16T02:21:16.307Z  INFO 62918 --- [spaceship-station] [           main] com.zaxxer.hikari.pool.HikariPool        : HikariPool-1 - Added connection org.postgresql.jdbc.PgConnection@7a053795
2026-07-16T02:21:16.325Z  INFO 62918 --- [spaceship-station] [           main] com.zaxxer.hikari.HikariDataSource       : HikariPool-1 - Start completed.
2026-07-16T02:21:16.577Z  WARN 62918 --- [spaceship-station] [           main] org.hibernate.orm.deprecation            : HHH90000025: PostgreSQLDialect does not need to be specified explicitly using 'hibernate.dialect' (remove the property setting and it will be selected by default)
2026-07-16T02:21:22.610Z  INFO 62918 --- [spaceship-station] [           main] o.h.e.t.j.p.i.JtaPlatformInitiator       : HHH000489: No JTA platform available (set 'hibernate.transaction.jta.platform' to enable JTA platform integration)
Hibernate: drop table if exists repair_ticket cascade
2026-07-16T02:21:22.778Z  WARN 62918 --- [spaceship-station] [           main] o.h.engine.jdbc.spi.SqlExceptionHelper   : SQL Warning Code: 0, SQLState: 00000
2026-07-16T02:21:22.778Z  WARN 62918 --- [spaceship-station] [           main] o.h.engine.jdbc.spi.SqlExceptionHelper   : table "repair_ticket" does not exist, skipping
Hibernate: drop table if exists spaceship cascade
2026-07-16T02:21:22.780Z  WARN 62918 --- [spaceship-station] [           main] o.h.engine.jdbc.spi.SqlExceptionHelper   : SQL Warning Code: 0, SQLState: 00000
2026-07-16T02:21:22.780Z  WARN 62918 --- [spaceship-station] [           main] o.h.engine.jdbc.spi.SqlExceptionHelper   : table "spaceship" does not exist, skipping
Hibernate: create table repair_ticket (id bigserial not null, ship_id bigint, issue_description varchar(255), status varchar(255), primary key (id))
Hibernate: create table spaceship (fuel_level integer not null, id bigserial not null, captain_name varchar(255), model varchar(255), primary key (id))
2026-07-16T02:21:22.865Z  INFO 62918 --- [spaceship-station] [           main] j.LocalContainerEntityManagerFactoryBean : Initialized JPA EntityManagerFactory for persistence unit 'default'
2026-07-16T02:21:24.282Z  WARN 62918 --- [spaceship-station] [           main] JpaBaseConfiguration$JpaWebConfiguration : spring.jpa.open-in-view is enabled by default. Therefore, database queries may be performed during view rendering. Explicitly configure spring.jpa.open-in-view to disable this warning
2026-07-16T02:21:27.089Z  INFO 62918 --- [spaceship-station] [           main] o.s.b.w.embedded.tomcat.TomcatWebServer  : Tomcat started on port 35183 (http) with context path ''
2026-07-16T02:21:27.105Z  INFO 62918 --- [spaceship-station] [           main] c.s.s.c.SpaceshipIntegrationTest         : Started SpaceshipIntegrationTest in 30.163 seconds (process running for 47.641)
Hibernate: select s1_0.id,s1_0.captain_name,s1_0.fuel_level,s1_0.model from spaceship s1_0
2026-07-16T02:21:30.741Z  INFO 62918 --- [spaceship-station] [o-auto-1-exec-1] o.a.c.c.C.[Tomcat].[localhost].[/]       : Initializing Spring DispatcherServlet 'dispatcherServlet'
2026-07-16T02:21:30.741Z  INFO 62918 --- [spaceship-station] [o-auto-1-exec-1] o.s.web.servlet.DispatcherServlet        : Initializing Servlet 'dispatcherServlet'
2026-07-16T02:21:30.743Z  INFO 62918 --- [spaceship-station] [o-auto-1-exec-1] o.s.web.servlet.DispatcherServlet        : Completed initialization in 2 ms
Hibernate: insert into spaceship (captain_name,fuel_level,model) values (?,?,?)
Hibernate: select s1_0.id,s1_0.captain_name,s1_0.fuel_level,s1_0.model from spaceship s1_0
Hibernate: select s1_0.id,s1_0.captain_name,s1_0.fuel_level,s1_0.model from spaceship s1_0
]]></system-out>
  </testcase>
</testsuite>